<?xml version="1.0" encoding="UTF-8"?>
<!-- Generated by org.testng.reporters.JUnitXMLReporter -->
<testsuite hostname="DESKTOP-C338N8J" ignored="0" name="First Git Test" tests="1" failures="1" timestamp="19 Oct 2019 06:52:03 GMT" time="36.033" errors="0">
  <testcase name="logintest" time="35.98" classname="gitTest.FirstGitTest">
    <failure type="java.lang.ArithmeticException" message="/ by zero">
      <![CDATA[java.lang.ArithmeticException: / by zeroat gitTest.FirstGitTest.logintest(FirstGitTest.java:32)... Removed 28 stack frames]]>
    </failure>
  </testcase> <!-- logintest -->
</testsuite> <!-- First Git Test -->
